<?xml version="1.0" encoding="UTF-8"?>
<testng-results total="2" passed="2" failed="0" skipped="0">
  <reporter-output>
  </reporter-output>
  <suite started-at="2021-07-28T08:31:14Z" name="Suite" finished-at="2021-07-28T08:32:10Z" duration-ms="55535">
    <groups>
    </groups>
    <test started-at="2021-07-28T08:31:14Z" name="Test" finished-at="2021-07-28T08:32:10Z" duration-ms="55535">
      <class name="com.php.testcases.ProfileCreationTest">
        <test-method is-config="true" signature="setUp()[pri:0, instance:com.php.testcases.ProfileCreationTest@17f460bb]" started-at="2021-07-28T14:01:33Z" name="setUp" finished-at="2021-07-28T14:01:58Z" duration-ms="25213" status="PASS">
          <reporter-output>
          </reporter-output>
        </test-method> <!-- setUp -->
        <test-method signature="profileCreationTest(java.lang.String, java.lang.String, java.lang.String, java.lang.String, java.lang.String, java.lang.String, java.lang.String, java.lang.String, java.lang.String, java.lang.String)[pri:0, instance:com.php.testcases.ProfileCreationTest@17f460bb]" started-at="2021-07-28T14:01:58Z" name="profileCreationTest" data-provider="getTestData" finished-at="2021-07-28T14:02:10Z" duration-ms="11840" status="PASS">
          <params>
            <param index="0">
              <value>
                <![CDATA[user@phptravels.com]]>
              </value>
            </param>
            <param index="1">
              <value>
                <![CDATA[demouser]]>
              </value>
            </param>
            <param index="2">
              <value>
                <![CDATA[asaff@123]]>
              </value>
            </param>
            <param index="3">
              <value>
                <![CDATA[asaff@123]]>
              </value>
            </param>
            <param index="4">
              <value>
                <![CDATA[kuvempunagar ]]>
              </value>
            </param>
            <param index="5">
              <value>
                <![CDATA[mysore]]>
              </value>
            </param>
            <param index="6">
              <value>
                <![CDATA[karnataka]]>
              </value>
            </param>
            <param index="7">
              <value>
                <![CDATA[570023.0]]>
              </value>
            </param>
            <param index="8">
              <value>
                <![CDATA[ind]]>
              </value>
            </param>
            <param index="9">
              <value>
                <![CDATA[1.234567892E9]]>
              </value>
            </param>
          </params>
          <reporter-output>
          </reporter-output>
        </test-method> <!-- profileCreationTest -->
        <test-method is-config="true" signature="tearDown()[pri:0, instance:com.php.testcases.ProfileCreationTest@17f460bb]" started-at="2021-07-28T14:02:10Z" name="tearDown" finished-at="2021-07-28T14:02:10Z" duration-ms="158" status="PASS">
          <reporter-output>
          </reporter-output>
        </test-method> <!-- tearDown -->
      </class> <!-- com.php.testcases.ProfileCreationTest -->
      <class name="com.php.testcases.LoginPageTest">
        <test-method is-config="true" signature="setUp()[pri:0, instance:com.php.testcases.LoginPageTest@53bf7094]" started-at="2021-07-28T14:01:15Z" name="setUp" finished-at="2021-07-28T14:01:29Z" duration-ms="14878" status="PASS">
          <reporter-output>
          </reporter-output>
        </test-method> <!-- setUp -->
        <test-method signature="loginTest(java.lang.String, java.lang.String)[pri:0, instance:com.php.testcases.LoginPageTest@53bf7094]" started-at="2021-07-28T14:01:29Z" name="loginTest" data-provider="getTestData" finished-at="2021-07-28T14:01:32Z" duration-ms="2842" status="PASS">
          <params>
            <param index="0">
              <value>
                <![CDATA[user@phptravels.com]]>
              </value>
            </param>
            <param index="1">
              <value>
                <![CDATA[demouser]]>
              </value>
            </param>
          </params>
          <reporter-output>
          </reporter-output>
        </test-method> <!-- loginTest -->
        <test-method is-config="true" signature="tearDown()[pri:0, instance:com.php.testcases.LoginPageTest@53bf7094]" started-at="2021-07-28T14:01:32Z" name="tearDown" finished-at="2021-07-28T14:01:32Z" duration-ms="151" status="PASS">
          <reporter-output>
          </reporter-output>
        </test-method> <!-- tearDown -->
      </class> <!-- com.php.testcases.LoginPageTest -->
    </test> <!-- Test -->
  </suite> <!-- Suite -->
</testng-results>
